<?xml version='1.0' encoding='UTF-8'?>
<testsuite hostname="MacBook-Pro-di-ERNESTO.local" name="forcomp.AnagramsSuite" tests="11" errors="0" failures="10" skipped="0" time="0.192" timestamp="2022-11-17T10:48:22">
          <properties>
[...]
</properties>
          <testcase classname="forcomp.AnagramsSuite" name="wordOccurrences: abcd (3pts)" time="0.105">
                      
                    </testcase><testcase classname="forcomp.AnagramsSuite" name="wordOccurrences: Robert (3pts)" time="0.076">
                      <failure message="munit.ComparisonFailException: /Users/ernestobocini/epflCourses/cs-210-FP/cs210-forcomp/src/test/scala/forcomp/AnagramsSuite.scala:11
10:  test(&quot;wordOccurrences: Robert (3pts)&quot;) {
[7m11:    assertEquals(wordOccurrences(&quot;Robert&quot;), List(('b', 1), ('e', 1), ('o', 1), ('r', 2), ('t', 1)))[0m
12:  }
values are not the same
[1m=&gt; Obtained[0m
List(
  Tuple2(
    _1 = 'e',
    _2 = 1
  ),
  Tuple2(
    _1 = 't',
    _2 = 1
  ),
  Tuple2(
    _1 = 'b',
    _2 = 1
  ),
  Tuple2(
    _1 = 'r',
    _2 = 2
  ),
  Tuple2(
    _1 = 'o',
    _2 = 1
  )
)
[1m=&gt; Diff[0m ([91m- obtained[0m, [92m+ expected[0m)
   Tuple2(
[91m-    _1 = 'e',[0m
[92m+    _1 = 'b',[0m
     _2 = 1
   Tuple2(
[91m-    _1 = 't',[0m
[92m+    _1 = 'e',[0m
     _2 = 1
   Tuple2(
[91m-    _1 = 'b',[0m
[92m+    _1 = 'o',[0m
     _2 = 1
   Tuple2(
[91m-    _1 = 'o',[0m
[92m+    _1 = 't',[0m
     _2 = 1" type="sbt.ForkMain$ForkError">sbt.ForkMain$ForkError: munit.ComparisonFailException: /Users/ernestobocini/epflCourses/cs-210-FP/cs210-forcomp/src/test/scala/forcomp/AnagramsSuite.scala:11
10:  test(&quot;wordOccurrences: Robert (3pts)&quot;) {
[7m11:    assertEquals(wordOccurrences(&quot;Robert&quot;), List(('b', 1), ('e', 1), ('o', 1), ('r', 2), ('t', 1)))[0m
12:  }
values are not the same
[1m=&gt; Obtained[0m
List(
  Tuple2(
    _1 = 'e',
    _2 = 1
  ),
  Tuple2(
    _1 = 't',
    _2 = 1
  ),
  Tuple2(
    _1 = 'b',
    _2 = 1
  ),
  Tuple2(
    _1 = 'r',
    _2 = 2
  ),
  Tuple2(
    _1 = 'o',
    _2 = 1
  )
)
[1m=&gt; Diff[0m ([91m- obtained[0m, [92m+ expected[0m)
   Tuple2(
[91m-    _1 = 'e',[0m
[92m+    _1 = 'b',[0m
     _2 = 1
   Tuple2(
[91m-    _1 = 't',[0m
[92m+    _1 = 'e',[0m
     _2 = 1
   Tuple2(
[91m-    _1 = 'b',[0m
[92m+    _1 = 'o',[0m
     _2 = 1
   Tuple2(
[91m-    _1 = 'o',[0m
[92m+    _1 = 't',[0m
     _2 = 1
	at munit.FunSuite.assertEquals(FunSuite.scala:11)
	at forcomp.AnagramsSuite.$init$$$anonfun$2(AnagramsSuite.scala:11)
	at forcomp.AnagramsSuite.$init$$$anonfun$adapted$2(AnagramsSuite.scala:12)
</failure>
                    </testcase><testcase classname="forcomp.AnagramsSuite" name="sentenceOccurrences: abcd e (5pts)" time="0.005">
                      <failure message="munit.ComparisonFailException: /Users/ernestobocini/epflCourses/cs-210-FP/cs210-forcomp/src/test/scala/forcomp/AnagramsSuite.scala:16
15:  test(&quot;sentenceOccurrences: abcd e (5pts)&quot;) {
[7m16:    assertEquals(sentenceOccurrences(List(&quot;abcd&quot;, &quot;e&quot;)), List(('a', 1), ('b', 1), ('c', 1), ('d', 1), ('e', 1)))[0m
17:  }
values are not the same
[1m=&gt; Obtained[0m
List(
  Tuple2(
    _1 = 'e',
    _2 = 1
  ),
  Tuple2(
    _1 = 'a',
    _2 = 1
  ),
  Tuple2(
    _1 = 'b',
    _2 = 1
  ),
  Tuple2(
    _1 = 'c',
    _2 = 1
  ),
  Tuple2(
    _1 = 'd',
    _2 = 1
  )
)
[1m=&gt; Diff[0m ([91m- obtained[0m, [92m+ expected[0m)
   Tuple2(
[91m-    _1 = 'e',[0m
[91m-    _2 = 1[0m
[91m-  ),[0m
[91m-  Tuple2([0m
     _1 = 'a',
     _2 = 1
[92m+  ),[0m
[92m+  Tuple2([0m
[92m+    _1 = 'e',[0m
[92m+    _2 = 1[0m
   )" type="sbt.ForkMain$ForkError">sbt.ForkMain$ForkError: munit.ComparisonFailException: /Users/ernestobocini/epflCourses/cs-210-FP/cs210-forcomp/src/test/scala/forcomp/AnagramsSuite.scala:16
15:  test(&quot;sentenceOccurrences: abcd e (5pts)&quot;) {
[7m16:    assertEquals(sentenceOccurrences(List(&quot;abcd&quot;, &quot;e&quot;)), List(('a', 1), ('b', 1), ('c', 1), ('d', 1), ('e', 1)))[0m
17:  }
values are not the same
[1m=&gt; Obtained[0m
List(
  Tuple2(
    _1 = 'e',
    _2 = 1
  ),
  Tuple2(
    _1 = 'a',
    _2 = 1
  ),
  Tuple2(
    _1 = 'b',
    _2 = 1
  ),
  Tuple2(
    _1 = 'c',
    _2 = 1
  ),
  Tuple2(
    _1 = 'd',
    _2 = 1
  )
)
[1m=&gt; Diff[0m ([91m- obtained[0m, [92m+ expected[0m)
   Tuple2(
[91m-    _1 = 'e',[0m
[91m-    _2 = 1[0m
[91m-  ),[0m
[91m-  Tuple2([0m
     _1 = 'a',
     _2 = 1
[92m+  ),[0m
[92m+  Tuple2([0m
[92m+    _1 = 'e',[0m
[92m+    _2 = 1[0m
   )
	at munit.FunSuite.assertEquals(FunSuite.scala:11)
	at forcomp.AnagramsSuite.$init$$$anonfun$3(AnagramsSuite.scala:16)
	at forcomp.AnagramsSuite.$init$$$anonfun$adapted$3(AnagramsSuite.scala:17)
</failure>
                    </testcase><testcase classname="forcomp.AnagramsSuite" name="dictionaryByOccurrences.get: eat (10pts)" time="0.0">
                      <failure message="scala.NotImplementedError: an implementation is missing" type="sbt.ForkMain$ForkError">sbt.ForkMain$ForkError: scala.NotImplementedError: an implementation is missing
	at scala.Predef$.$qmark$qmark$qmark(Predef.scala:344)
	at forcomp.Anagrams$.dictionaryByOccurrences(Anagrams.scala:62)
	at forcomp.AnagramsSuite.$init$$$anonfun$4(AnagramsSuite.scala:21)
	at forcomp.AnagramsSuite.$init$$$anonfun$adapted$4(AnagramsSuite.scala:22)
</failure>
                    </testcase><testcase classname="forcomp.AnagramsSuite" name="wordAnagrams married (2pts)" time="0.001">
                      <failure message="scala.NotImplementedError: an implementation is missing" type="sbt.ForkMain$ForkError">sbt.ForkMain$ForkError: scala.NotImplementedError: an implementation is missing
	at scala.Predef$.$qmark$qmark$qmark(Predef.scala:344)
	at forcomp.Anagrams$.wordAnagrams(Anagrams.scala:65)
	at forcomp.AnagramsSuite.$init$$$anonfun$5(AnagramsSuite.scala:26)
	at forcomp.AnagramsSuite.$init$$$anonfun$adapted$5(AnagramsSuite.scala:27)
</failure>
                    </testcase><testcase classname="forcomp.AnagramsSuite" name="wordAnagrams player (2pts)" time="0.001">
                      <failure message="scala.NotImplementedError: an implementation is missing" type="sbt.ForkMain$ForkError">sbt.ForkMain$ForkError: scala.NotImplementedError: an implementation is missing
	at scala.Predef$.$qmark$qmark$qmark(Predef.scala:344)
	at forcomp.Anagrams$.wordAnagrams(Anagrams.scala:65)
	at forcomp.AnagramsSuite.$init$$$anonfun$6(AnagramsSuite.scala:30)
	at forcomp.AnagramsSuite.$init$$$anonfun$adapted$6(AnagramsSuite.scala:31)
</failure>
                    </testcase><testcase classname="forcomp.AnagramsSuite" name="subtract: lard - r (10pts)" time="0.001">
                      <failure message="scala.NotImplementedError: an implementation is missing" type="sbt.ForkMain$ForkError">sbt.ForkMain$ForkError: scala.NotImplementedError: an implementation is missing
	at scala.Predef$.$qmark$qmark$qmark(Predef.scala:344)
	at forcomp.Anagrams$.subtract(Anagrams.scala:101)
	at forcomp.AnagramsSuite.$init$$$anonfun$7(AnagramsSuite.scala:39)
	at forcomp.AnagramsSuite.$init$$$anonfun$adapted$7(AnagramsSuite.scala:40)
</failure>
                    </testcase><testcase classname="forcomp.AnagramsSuite" name="combinations: [] (8pts)" time="0.0">
                      <failure message="scala.NotImplementedError: an implementation is missing" type="sbt.ForkMain$ForkError">sbt.ForkMain$ForkError: scala.NotImplementedError: an implementation is missing
	at scala.Predef$.$qmark$qmark$qmark(Predef.scala:344)
	at forcomp.Anagrams$.combinations(Anagrams.scala:89)
	at forcomp.AnagramsSuite.$init$$$anonfun$8(AnagramsSuite.scala:44)
	at forcomp.AnagramsSuite.$init$$$anonfun$adapted$8(AnagramsSuite.scala:45)
</failure>
                    </testcase><testcase classname="forcomp.AnagramsSuite" name="combinations: abba (8pts)" time="0.001">
                      <failure message="scala.NotImplementedError: an implementation is missing" type="sbt.ForkMain$ForkError">sbt.ForkMain$ForkError: scala.NotImplementedError: an implementation is missing
	at scala.Predef$.$qmark$qmark$qmark(Predef.scala:344)
	at forcomp.Anagrams$.combinations(Anagrams.scala:89)
	at forcomp.AnagramsSuite.$init$$$anonfun$9(AnagramsSuite.scala:60)
	at forcomp.AnagramsSuite.$init$$$anonfun$adapted$9(AnagramsSuite.scala:61)
</failure>
                    </testcase><testcase classname="forcomp.AnagramsSuite" name="sentence anagrams: [] (10pts)" time="0.001">
                      <failure message="scala.NotImplementedError: an implementation is missing" type="sbt.ForkMain$ForkError">sbt.ForkMain$ForkError: scala.NotImplementedError: an implementation is missing
	at scala.Predef$.$qmark$qmark$qmark(Predef.scala:344)
	at forcomp.Anagrams$.sentenceAnagrams(Anagrams.scala:143)
	at forcomp.AnagramsSuite.$init$$$anonfun$10(AnagramsSuite.scala:66)
	at forcomp.AnagramsSuite.$init$$$anonfun$adapted$10(AnagramsSuite.scala:67)
</failure>
                    </testcase><testcase classname="forcomp.AnagramsSuite" name="sentence anagrams: Linux rulez (10pts)" time="0.001">
                      <failure message="scala.NotImplementedError: an implementation is missing" type="sbt.ForkMain$ForkError">sbt.ForkMain$ForkError: scala.NotImplementedError: an implementation is missing
	at scala.Predef$.$qmark$qmark$qmark(Predef.scala:344)
	at forcomp.Anagrams$.sentenceAnagrams(Anagrams.scala:143)
	at forcomp.AnagramsSuite.$init$$$anonfun$11(AnagramsSuite.scala:93)
	at forcomp.AnagramsSuite.$init$$$anonfun$adapted$11(AnagramsSuite.scala:94)
</failure>
                    </testcase>
          <system-out><![CDATA[]]></system-out>
          <system-err><![CDATA[]]></system-err>
        </testsuite>