<?xml version='1.0' encoding='UTF-8'?>
<testsuite hostname="tsf-484-wpa-3-237.epfl.ch" name="objsets.TweetSetSuite" tests="7" errors="0" failures="1" skipped="0" time="0.076" timestamp="2022-10-11T18:39:18">
          <properties>
[...]
</properties>
          <testcase classname="objsets.TweetSetSuite" name="filter: on empty set" time="0.047">
                      
                    </testcase><testcase classname="objsets.TweetSetSuite" name="filter: a on set5" time="0.009">
                      
                    </testcase><testcase classname="objsets.TweetSetSuite" name="filter: twenty on set5" time="0.006">
                      
                    </testcase><testcase classname="objsets.TweetSetSuite" name="union: set4c and set4d" time="0.005">
                      
                    </testcase><testcase classname="objsets.TweetSetSuite" name="union: with empty set1" time="0.002">
                      
                    </testcase><testcase classname="objsets.TweetSetSuite" name="union: with empty set2" time="0.001">
                      
                    </testcase><testcase classname="objsets.TweetSetSuite" name="descending: set5" time="0.006">
                      <failure message="scala.NotImplementedError: an implementation is missing" type="sbt.ForkMain$ForkError">sbt.ForkMain$ForkError: scala.NotImplementedError: an implementation is missing
	at scala.Predef$.$qmark$qmark$qmark(Predef.scala:344)
	at objsets.TweetSet.descendingByRetweet(TweetSet.scala:81)
	at objsets.TweetSetSuite$$anon$7.&lt;init&gt;(TweetSetSuite.scala:53)
	at objsets.TweetSetSuite.$init$$$anonfun$16(TweetSetSuite.scala:55)
</failure>
                    </testcase>
          <system-out><![CDATA[]]></system-out>
          <system-err><![CDATA[]]></system-err>
        </testsuite>